Traceback (most recent call last):
  File "/usr/local/lib/python3.8/site-packages/jupyter_cache/executors/utils.py", line 51, in single_nb_execution
    executenb(
  File "/usr/local/lib/python3.8/site-packages/nbclient/client.py", line 1265, in execute
    return NotebookClient(nb=nb, resources=resources, km=km, **kwargs).execute()
  File "/usr/local/lib/python3.8/site-packages/jupyter_core/utils/__init__.py", line 160, in wrapped
    return loop.run_until_complete(inner)
  File "/usr/local/Cellar/python@3.8/3.8.5/Frameworks/Python.framework/Versions/3.8/lib/python3.8/asyncio/base_events.py", line 616, in run_until_complete
    return future.result()
  File "/usr/local/lib/python3.8/site-packages/nbclient/client.py", line 703, in async_execute
    await self.async_execute_cell(
  File "/usr/local/lib/python3.8/site-packages/nbclient/client.py", line 1021, in async_execute_cell
    await self._check_raise_for_error(cell, cell_index, exec_reply)
  File "/usr/local/lib/python3.8/site-packages/nbclient/client.py", line 915, in _check_raise_for_error
    raise CellExecutionError.from_cell_and_msg(cell, exec_reply_content)
nbclient.exceptions.CellExecutionError: An error occurred while executing the following cell:
------------------
#!pip install graphviz
#below we import our graphviz library 
#and make a basic function diagram
from graphviz import Digraph
dot = Digraph(comment = 'Linear Function', format = 'svg')
dot.attr('node', color='lightblue2', style='filled')
dot.node('x', 'Input')
dot.attr('node', color='orange', style='filled', edgecolor = 'black')
dot.node('f', 'input * slope + intercept', shape = 'box')
dot.attr('node', color='lightblue2', style='filled')
dot.node('y', 'Output')
dot.edges(['xf', 'fy'])
dot.attr(label='Linear Function as a Process')
dot.render();
------------------

[0;31m-----------------------------------------------------------------------[0m
[0;31mModuleNotFoundError[0m                   Traceback (most recent call last)
Cell [0;32mIn[1], line 4[0m
[1;32m      1[0m [38;5;66;03m#!pip install graphviz[39;00m
[1;32m      2[0m [38;5;66;03m#below we import our graphviz library [39;00m
[1;32m      3[0m [38;5;66;03m#and make a basic function diagram[39;00m
[0;32m----> 4[0m [38;5;28;01mfrom[39;00m [38;5;21;01mgraphviz[39;00m [38;5;28;01mimport[39;00m Digraph
[1;32m      5[0m dot [38;5;241m=[39m Digraph(comment [38;5;241m=[39m [38;5;124m'[39m[38;5;124mLinear Function[39m[38;5;124m'[39m, [38;5;28mformat[39m [38;5;241m=[39m [38;5;124m'[39m[38;5;124msvg[39m[38;5;124m'[39m)
[1;32m      6[0m dot[38;5;241m.[39mattr([38;5;124m'[39m[38;5;124mnode[39m[38;5;124m'[39m, color[38;5;241m=[39m[38;5;124m'[39m[38;5;124mlightblue2[39m[38;5;124m'[39m, style[38;5;241m=[39m[38;5;124m'[39m[38;5;124mfilled[39m[38;5;124m'[39m)

[0;31mModuleNotFoundError[0m: No module named 'graphviz'
ModuleNotFoundError: No module named 'graphviz'

